<?xml version="1.0" encoding="UTF-8"?>
<testng-results ignored="0" total="1" passed="1" failed="0" skipped="0">
  <reporter-output>
  </reporter-output>
  <suite started-at="2021-09-10T14:25:35 CEST" name="Default suite" finished-at="2021-09-10T14:25:35 CEST" duration-ms="39">
    <groups>
    </groups>
    <test started-at="2021-09-10T14:25:35 CEST" name="Default test" finished-at="2021-09-10T14:25:35 CEST" duration-ms="39">
      <class name="com.example.jcurrencyapp.TestNGSimpleTest">
        <test-method signature="testAdd()[pri:0, instance:com.example.jcurrencyapp.TestNGSimpleTest@2cd2a21f]" started-at="2021-09-10T14:25:35 CEST" name="testAdd" finished-at="2021-09-10T14:25:35 CEST" duration-ms="9" status="PASS">
          <reporter-output>
          </reporter-output>
        </test-method> <!-- testAdd -->
      </class> <!-- com.example.jcurrencyapp.TestNGSimpleTest -->
    </test> <!-- Default test -->
  </suite> <!-- Default suite -->
</testng-results>
